[0.015s] Invoking command in '/home/sergio/Quadruped_Project_Scandia/build/quadruped_slam': CMAKE_PREFIX_PATH=${CMAKE_PREFIX_PATH}:/home/sergio/bumperbot_ws/install/bumperbot_py_examples:/home/sergio/ros2_ws/install/turtlesim_catch_them_all:/home/sergio/ros2_ws/install/my_py_pkg:/opt/ros/humble /usr/bin/cmake /home/sergio/Quadruped_Project_Scandia/src/quadruped_slam -DCMAKE_INSTALL_PREFIX=/home/sergio/Quadruped_Project_Scandia/install/quadruped_slam
[0.081s] -- The C compiler identification is GNU 12.3.0
[0.160s] -- The CXX compiler identification is GNU 11.4.0
[0.168s] -- Detecting C compiler ABI info
[0.236s] -- Detecting C compiler ABI info - done
[0.246s] -- Check for working C compiler: /usr/bin/cc - skipped
[0.246s] -- Detecting C compile features
[0.246s] -- Detecting C compile features - done
[0.251s] -- Detecting CXX compiler ABI info
[0.324s] -- Detecting CXX compiler ABI info - done
[0.333s] -- Check for working CXX compiler: /usr/bin/c++ - skipped
[0.333s] -- Detecting CXX compile features
[0.334s] -- Detecting CXX compile features - done
[0.336s] -- Found ament_cmake: 1.3.10 (/opt/ros/humble/share/ament_cmake/cmake)
[0.500s] -- Found Python3: /usr/bin/python3 (found version "3.10.12") found components: Interpreter 
[0.603s] -- Found ament_lint_auto: 0.12.11 (/opt/ros/humble/share/ament_lint_auto/cmake)
[0.684s] -- Added test 'lint_cmake' to check CMake code style
[0.684s] -- Added test 'xmllint' to check XML markup files
[0.686s] -- Configuring done
[0.688s] -- Generating done
[0.688s] -- Build files have been written to: /home/sergio/Quadruped_Project_Scandia/build/quadruped_slam
[0.695s] Invoked command in '/home/sergio/Quadruped_Project_Scandia/build/quadruped_slam' returned '0': CMAKE_PREFIX_PATH=${CMAKE_PREFIX_PATH}:/home/sergio/bumperbot_ws/install/bumperbot_py_examples:/home/sergio/ros2_ws/install/turtlesim_catch_them_all:/home/sergio/ros2_ws/install/my_py_pkg:/opt/ros/humble /usr/bin/cmake /home/sergio/Quadruped_Project_Scandia/src/quadruped_slam -DCMAKE_INSTALL_PREFIX=/home/sergio/Quadruped_Project_Scandia/install/quadruped_slam
[0.696s] Invoking command in '/home/sergio/Quadruped_Project_Scandia/build/quadruped_slam': CMAKE_PREFIX_PATH=${CMAKE_PREFIX_PATH}:/home/sergio/bumperbot_ws/install/bumperbot_py_examples:/home/sergio/ros2_ws/install/turtlesim_catch_them_all:/home/sergio/ros2_ws/install/my_py_pkg:/opt/ros/humble /usr/bin/cmake --build /home/sergio/Quadruped_Project_Scandia/build/quadruped_slam -- -j12 -l12
[0.731s] Invoked command in '/home/sergio/Quadruped_Project_Scandia/build/quadruped_slam' returned '0': CMAKE_PREFIX_PATH=${CMAKE_PREFIX_PATH}:/home/sergio/bumperbot_ws/install/bumperbot_py_examples:/home/sergio/ros2_ws/install/turtlesim_catch_them_all:/home/sergio/ros2_ws/install/my_py_pkg:/opt/ros/humble /usr/bin/cmake --build /home/sergio/Quadruped_Project_Scandia/build/quadruped_slam -- -j12 -l12
[0.761s] Invoking command in '/home/sergio/Quadruped_Project_Scandia/build/quadruped_slam': CMAKE_PREFIX_PATH=${CMAKE_PREFIX_PATH}:/home/sergio/bumperbot_ws/install/bumperbot_py_examples:/home/sergio/ros2_ws/install/turtlesim_catch_them_all:/home/sergio/ros2_ws/install/my_py_pkg:/opt/ros/humble /usr/bin/cmake --install /home/sergio/Quadruped_Project_Scandia/build/quadruped_slam
[0.767s] -- Install configuration: ""
[0.768s] -- Installing: /home/sergio/Quadruped_Project_Scandia/install/quadruped_slam/share/ament_index/resource_index/package_run_dependencies/quadruped_slam
[0.768s] -- Installing: /home/sergio/Quadruped_Project_Scandia/install/quadruped_slam/share/ament_index/resource_index/parent_prefix_path/quadruped_slam
[0.768s] -- Installing: /home/sergio/Quadruped_Project_Scandia/install/quadruped_slam/share/quadruped_slam/environment/ament_prefix_path.sh
[0.768s] -- Installing: /home/sergio/Quadruped_Project_Scandia/install/quadruped_slam/share/quadruped_slam/environment/ament_prefix_path.dsv
[0.768s] -- Installing: /home/sergio/Quadruped_Project_Scandia/install/quadruped_slam/share/quadruped_slam/environment/path.sh
[0.769s] -- Installing: /home/sergio/Quadruped_Project_Scandia/install/quadruped_slam/share/quadruped_slam/environment/path.dsv
[0.769s] -- Installing: /home/sergio/Quadruped_Project_Scandia/install/quadruped_slam/share/quadruped_slam/local_setup.bash
[0.769s] -- Installing: /home/sergio/Quadruped_Project_Scandia/install/quadruped_slam/share/quadruped_slam/local_setup.sh
[0.769s] -- Installing: /home/sergio/Quadruped_Project_Scandia/install/quadruped_slam/share/quadruped_slam/local_setup.zsh
[0.769s] -- Installing: /home/sergio/Quadruped_Project_Scandia/install/quadruped_slam/share/quadruped_slam/local_setup.dsv
[0.770s] -- Installing: /home/sergio/Quadruped_Project_Scandia/install/quadruped_slam/share/quadruped_slam/package.dsv
[0.770s] -- Installing: /home/sergio/Quadruped_Project_Scandia/install/quadruped_slam/share/ament_index/resource_index/packages/quadruped_slam
[0.770s] -- Installing: /home/sergio/Quadruped_Project_Scandia/install/quadruped_slam/share/quadruped_slam/cmake/quadruped_slamConfig.cmake
[0.771s] -- Installing: /home/sergio/Quadruped_Project_Scandia/install/quadruped_slam/share/quadruped_slam/cmake/quadruped_slamConfig-version.cmake
[0.771s] -- Installing: /home/sergio/Quadruped_Project_Scandia/install/quadruped_slam/share/quadruped_slam/package.xml
[0.789s] Invoked command in '/home/sergio/Quadruped_Project_Scandia/build/quadruped_slam' returned '0': CMAKE_PREFIX_PATH=${CMAKE_PREFIX_PATH}:/home/sergio/bumperbot_ws/install/bumperbot_py_examples:/home/sergio/ros2_ws/install/turtlesim_catch_them_all:/home/sergio/ros2_ws/install/my_py_pkg:/opt/ros/humble /usr/bin/cmake --install /home/sergio/Quadruped_Project_Scandia/build/quadruped_slam
