[0.015s] Invoking command in '/home/sergio/Quadruped_Project_Scandia/build/quadruped_interfaces': CMAKE_PREFIX_PATH=${CMAKE_PREFIX_PATH}:/home/sergio/bumperbot_ws/install/bumperbot_py_examples:/home/sergio/ros2_ws/install/turtlesim_catch_them_all:/home/sergio/ros2_ws/install/my_py_pkg:/opt/ros/humble /usr/bin/cmake /home/sergio/Quadruped_Project_Scandia/src/quadruped_interfaces -DCMAKE_INSTALL_PREFIX=/home/sergio/Quadruped_Project_Scandia/install/quadruped_interfaces
[0.083s] -- The C compiler identification is GNU 12.3.0
[0.163s] -- The CXX compiler identification is GNU 11.4.0
[0.172s] -- Detecting C compiler ABI info
[0.240s] -- Detecting C compiler ABI info - done
[0.249s] -- Check for working C compiler: /usr/bin/cc - skipped
[0.250s] -- Detecting C compile features
[0.250s] -- Detecting C compile features - done
[0.254s] -- Detecting CXX compiler ABI info
[0.327s] -- Detecting CXX compiler ABI info - done
[0.332s] -- Check for working CXX compiler: /usr/bin/c++ - skipped
[0.332s] -- Detecting CXX compile features
[0.332s] -- Detecting CXX compile features - done
[0.336s] -- Found ament_cmake: 1.3.10 (/opt/ros/humble/share/ament_cmake/cmake)
[0.500s] -- Found Python3: /usr/bin/python3 (found version "3.10.12") found components: Interpreter 
[0.605s] -- Found ament_lint_auto: 0.12.11 (/opt/ros/humble/share/ament_lint_auto/cmake)
[0.688s] -- Added test 'lint_cmake' to check CMake code style
[0.689s] -- Added test 'xmllint' to check XML markup files
[0.690s] -- Configuring done
[0.691s] -- Generating done
[0.692s] -- Build files have been written to: /home/sergio/Quadruped_Project_Scandia/build/quadruped_interfaces
[0.696s] Invoked command in '/home/sergio/Quadruped_Project_Scandia/build/quadruped_interfaces' returned '0': CMAKE_PREFIX_PATH=${CMAKE_PREFIX_PATH}:/home/sergio/bumperbot_ws/install/bumperbot_py_examples:/home/sergio/ros2_ws/install/turtlesim_catch_them_all:/home/sergio/ros2_ws/install/my_py_pkg:/opt/ros/humble /usr/bin/cmake /home/sergio/Quadruped_Project_Scandia/src/quadruped_interfaces -DCMAKE_INSTALL_PREFIX=/home/sergio/Quadruped_Project_Scandia/install/quadruped_interfaces
[0.698s] Invoking command in '/home/sergio/Quadruped_Project_Scandia/build/quadruped_interfaces': CMAKE_PREFIX_PATH=${CMAKE_PREFIX_PATH}:/home/sergio/bumperbot_ws/install/bumperbot_py_examples:/home/sergio/ros2_ws/install/turtlesim_catch_them_all:/home/sergio/ros2_ws/install/my_py_pkg:/opt/ros/humble /usr/bin/cmake --build /home/sergio/Quadruped_Project_Scandia/build/quadruped_interfaces -- -j12 -l12
[0.733s] Invoked command in '/home/sergio/Quadruped_Project_Scandia/build/quadruped_interfaces' returned '0': CMAKE_PREFIX_PATH=${CMAKE_PREFIX_PATH}:/home/sergio/bumperbot_ws/install/bumperbot_py_examples:/home/sergio/ros2_ws/install/turtlesim_catch_them_all:/home/sergio/ros2_ws/install/my_py_pkg:/opt/ros/humble /usr/bin/cmake --build /home/sergio/Quadruped_Project_Scandia/build/quadruped_interfaces -- -j12 -l12
[0.762s] Invoking command in '/home/sergio/Quadruped_Project_Scandia/build/quadruped_interfaces': CMAKE_PREFIX_PATH=${CMAKE_PREFIX_PATH}:/home/sergio/bumperbot_ws/install/bumperbot_py_examples:/home/sergio/ros2_ws/install/turtlesim_catch_them_all:/home/sergio/ros2_ws/install/my_py_pkg:/opt/ros/humble /usr/bin/cmake --install /home/sergio/Quadruped_Project_Scandia/build/quadruped_interfaces
[0.768s] -- Install configuration: ""
[0.769s] -- Installing: /home/sergio/Quadruped_Project_Scandia/install/quadruped_interfaces/share/ament_index/resource_index/package_run_dependencies/quadruped_interfaces
[0.769s] -- Installing: /home/sergio/Quadruped_Project_Scandia/install/quadruped_interfaces/share/ament_index/resource_index/parent_prefix_path/quadruped_interfaces
[0.769s] -- Installing: /home/sergio/Quadruped_Project_Scandia/install/quadruped_interfaces/share/quadruped_interfaces/environment/ament_prefix_path.sh
[0.769s] -- Installing: /home/sergio/Quadruped_Project_Scandia/install/quadruped_interfaces/share/quadruped_interfaces/environment/ament_prefix_path.dsv
[0.769s] -- Installing: /home/sergio/Quadruped_Project_Scandia/install/quadruped_interfaces/share/quadruped_interfaces/environment/path.sh
[0.769s] -- Installing: /home/sergio/Quadruped_Project_Scandia/install/quadruped_interfaces/share/quadruped_interfaces/environment/path.dsv
[0.769s] -- Installing: /home/sergio/Quadruped_Project_Scandia/install/quadruped_interfaces/share/quadruped_interfaces/local_setup.bash
[0.769s] -- Installing: /home/sergio/Quadruped_Project_Scandia/install/quadruped_interfaces/share/quadruped_interfaces/local_setup.sh
[0.769s] -- Installing: /home/sergio/Quadruped_Project_Scandia/install/quadruped_interfaces/share/quadruped_interfaces/local_setup.zsh
[0.769s] -- Installing: /home/sergio/Quadruped_Project_Scandia/install/quadruped_interfaces/share/quadruped_interfaces/local_setup.dsv
[0.770s] -- Installing: /home/sergio/Quadruped_Project_Scandia/install/quadruped_interfaces/share/quadruped_interfaces/package.dsv
[0.770s] -- Installing: /home/sergio/Quadruped_Project_Scandia/install/quadruped_interfaces/share/ament_index/resource_index/packages/quadruped_interfaces
[0.770s] -- Installing: /home/sergio/Quadruped_Project_Scandia/install/quadruped_interfaces/share/quadruped_interfaces/cmake/quadruped_interfacesConfig.cmake
[0.770s] -- Installing: /home/sergio/Quadruped_Project_Scandia/install/quadruped_interfaces/share/quadruped_interfaces/cmake/quadruped_interfacesConfig-version.cmake
[0.771s] -- Installing: /home/sergio/Quadruped_Project_Scandia/install/quadruped_interfaces/share/quadruped_interfaces/package.xml
[0.774s] Invoked command in '/home/sergio/Quadruped_Project_Scandia/build/quadruped_interfaces' returned '0': CMAKE_PREFIX_PATH=${CMAKE_PREFIX_PATH}:/home/sergio/bumperbot_ws/install/bumperbot_py_examples:/home/sergio/ros2_ws/install/turtlesim_catch_them_all:/home/sergio/ros2_ws/install/my_py_pkg:/opt/ros/humble /usr/bin/cmake --install /home/sergio/Quadruped_Project_Scandia/build/quadruped_interfaces
