[0.017s] Invoking command in '/home/sergio/Quadruped_Project_Scandia/build/quadruped_description': CMAKE_PREFIX_PATH=${CMAKE_PREFIX_PATH}:/home/sergio/bumperbot_ws/install/bumperbot_py_examples:/home/sergio/ros2_ws/install/turtlesim_catch_them_all:/home/sergio/ros2_ws/install/my_py_pkg:/opt/ros/humble /usr/bin/cmake /home/sergio/Quadruped_Project_Scandia/src/quadruped_description -DCMAKE_INSTALL_PREFIX=/home/sergio/Quadruped_Project_Scandia/install/quadruped_description
[0.090s] -- The C compiler identification is GNU 12.3.0
[0.168s] -- The CXX compiler identification is GNU 11.4.0
[0.177s] -- Detecting C compiler ABI info
[0.245s] -- Detecting C compiler ABI info - done
[0.251s] -- Check for working C compiler: /usr/bin/cc - skipped
[0.251s] -- Detecting C compile features
[0.251s] -- Detecting C compile features - done
[0.254s] -- Detecting CXX compiler ABI info
[0.328s] -- Detecting CXX compiler ABI info - done
[0.333s] -- Check for working CXX compiler: /usr/bin/c++ - skipped
[0.333s] -- Detecting CXX compile features
[0.334s] -- Detecting CXX compile features - done
[0.342s] -- Found ament_cmake: 1.3.10 (/opt/ros/humble/share/ament_cmake/cmake)
[0.505s] -- Found Python3: /usr/bin/python3 (found version "3.10.12") found components: Interpreter 
[0.611s] -- Found ament_lint_auto: 0.12.11 (/opt/ros/humble/share/ament_lint_auto/cmake)
[0.693s] -- Added test 'lint_cmake' to check CMake code style
[0.694s] -- Added test 'xmllint' to check XML markup files
[0.696s] -- Configuring done
[0.698s] -- Generating done
[0.699s] -- Build files have been written to: /home/sergio/Quadruped_Project_Scandia/build/quadruped_description
[0.706s] Invoked command in '/home/sergio/Quadruped_Project_Scandia/build/quadruped_description' returned '0': CMAKE_PREFIX_PATH=${CMAKE_PREFIX_PATH}:/home/sergio/bumperbot_ws/install/bumperbot_py_examples:/home/sergio/ros2_ws/install/turtlesim_catch_them_all:/home/sergio/ros2_ws/install/my_py_pkg:/opt/ros/humble /usr/bin/cmake /home/sergio/Quadruped_Project_Scandia/src/quadruped_description -DCMAKE_INSTALL_PREFIX=/home/sergio/Quadruped_Project_Scandia/install/quadruped_description
[0.707s] Invoking command in '/home/sergio/Quadruped_Project_Scandia/build/quadruped_description': CMAKE_PREFIX_PATH=${CMAKE_PREFIX_PATH}:/home/sergio/bumperbot_ws/install/bumperbot_py_examples:/home/sergio/ros2_ws/install/turtlesim_catch_them_all:/home/sergio/ros2_ws/install/my_py_pkg:/opt/ros/humble /usr/bin/cmake --build /home/sergio/Quadruped_Project_Scandia/build/quadruped_description -- -j12 -l12
[0.741s] Invoked command in '/home/sergio/Quadruped_Project_Scandia/build/quadruped_description' returned '0': CMAKE_PREFIX_PATH=${CMAKE_PREFIX_PATH}:/home/sergio/bumperbot_ws/install/bumperbot_py_examples:/home/sergio/ros2_ws/install/turtlesim_catch_them_all:/home/sergio/ros2_ws/install/my_py_pkg:/opt/ros/humble /usr/bin/cmake --build /home/sergio/Quadruped_Project_Scandia/build/quadruped_description -- -j12 -l12
[0.769s] Invoking command in '/home/sergio/Quadruped_Project_Scandia/build/quadruped_description': CMAKE_PREFIX_PATH=${CMAKE_PREFIX_PATH}:/home/sergio/bumperbot_ws/install/bumperbot_py_examples:/home/sergio/ros2_ws/install/turtlesim_catch_them_all:/home/sergio/ros2_ws/install/my_py_pkg:/opt/ros/humble /usr/bin/cmake --install /home/sergio/Quadruped_Project_Scandia/build/quadruped_description
[0.775s] -- Install configuration: ""
[0.775s] -- Installing: /home/sergio/Quadruped_Project_Scandia/install/quadruped_description/share/quadruped_description//urdf
[0.776s] -- Installing: /home/sergio/Quadruped_Project_Scandia/install/quadruped_description/share/quadruped_description//launch
[0.776s] -- Installing: /home/sergio/Quadruped_Project_Scandia/install/quadruped_description/share/ament_index/resource_index/package_run_dependencies/quadruped_description
[0.776s] -- Installing: /home/sergio/Quadruped_Project_Scandia/install/quadruped_description/share/ament_index/resource_index/parent_prefix_path/quadruped_description
[0.776s] -- Installing: /home/sergio/Quadruped_Project_Scandia/install/quadruped_description/share/quadruped_description/environment/ament_prefix_path.sh
[0.776s] -- Installing: /home/sergio/Quadruped_Project_Scandia/install/quadruped_description/share/quadruped_description/environment/ament_prefix_path.dsv
[0.776s] -- Installing: /home/sergio/Quadruped_Project_Scandia/install/quadruped_description/share/quadruped_description/environment/path.sh
[0.776s] -- Installing: /home/sergio/Quadruped_Project_Scandia/install/quadruped_description/share/quadruped_description/environment/path.dsv
[0.776s] -- Installing: /home/sergio/Quadruped_Project_Scandia/install/quadruped_description/share/quadruped_description/local_setup.bash
[0.777s] -- Installing: /home/sergio/Quadruped_Project_Scandia/install/quadruped_description/share/quadruped_description/local_setup.sh
[0.777s] -- Installing: /home/sergio/Quadruped_Project_Scandia/install/quadruped_description/share/quadruped_description/local_setup.zsh
[0.777s] -- Installing: /home/sergio/Quadruped_Project_Scandia/install/quadruped_description/share/quadruped_description/local_setup.dsv
[0.778s] -- Installing: /home/sergio/Quadruped_Project_Scandia/install/quadruped_description/share/quadruped_description/package.dsv
[0.778s] -- Installing: /home/sergio/Quadruped_Project_Scandia/install/quadruped_description/share/ament_index/resource_index/packages/quadruped_description
[0.778s] -- Installing: /home/sergio/Quadruped_Project_Scandia/install/quadruped_description/share/quadruped_description/cmake/quadruped_descriptionConfig.cmake
[0.779s] -- Installing: /home/sergio/Quadruped_Project_Scandia/install/quadruped_description/share/quadruped_description/cmake/quadruped_descriptionConfig-version.cmake
[0.779s] -- Installing: /home/sergio/Quadruped_Project_Scandia/install/quadruped_description/share/quadruped_description/package.xml
[0.792s] Invoked command in '/home/sergio/Quadruped_Project_Scandia/build/quadruped_description' returned '0': CMAKE_PREFIX_PATH=${CMAKE_PREFIX_PATH}:/home/sergio/bumperbot_ws/install/bumperbot_py_examples:/home/sergio/ros2_ws/install/turtlesim_catch_them_all:/home/sergio/ros2_ws/install/my_py_pkg:/opt/ros/humble /usr/bin/cmake --install /home/sergio/Quadruped_Project_Scandia/build/quadruped_description
