[0.079s] DEBUG:colcon:Command line arguments: ['/usr/bin/colcon', 'build']
[0.079s] DEBUG:colcon:Parsed command line arguments: Namespace(log_base=None, log_level=None, verb_name='build', build_base='build', install_base='install', merge_install=False, symlink_install=False, test_result_base=None, continue_on_error=False, executor='parallel', parallel_workers=12, event_handlers=None, ignore_user_meta=False, metas=['./colcon.meta'], base_paths=['.'], packages_ignore=None, packages_ignore_regex=None, paths=None, packages_up_to=None, packages_up_to_regex=None, packages_above=None, packages_above_and_dependencies=None, packages_above_depth=None, packages_select_by_dep=None, packages_skip_by_dep=None, packages_skip_up_to=None, packages_select_build_failed=False, packages_skip_build_finished=False, packages_select_test_failures=False, packages_skip_test_passed=False, packages_select=None, packages_skip=None, packages_select_regex=None, packages_skip_regex=None, packages_start=None, packages_end=None, allow_overriding=[], cmake_args=None, cmake_target=None, cmake_target_skip_unavailable=False, cmake_clean_cache=False, cmake_clean_first=False, cmake_force_configure=False, ament_cmake_args=None, catkin_cmake_args=None, catkin_skip_building_tests=False, verb_parser=<colcon_defaults.argument_parser.defaults.DefaultArgumentsDecorator object at 0x79b7c2c39570>, verb_extension=<colcon_core.verb.build.BuildVerb object at 0x79b7c2c38be0>, main=<bound method BuildVerb.main of <colcon_core.verb.build.BuildVerb object at 0x79b7c2c38be0>>)
[0.192s] Level 1:colcon.colcon_core.package_discovery:discover_packages(colcon_meta) check parameters
[0.193s] Level 1:colcon.colcon_core.package_discovery:discover_packages(recursive) check parameters
[0.193s] Level 1:colcon.colcon_core.package_discovery:discover_packages(ignore) check parameters
[0.193s] Level 1:colcon.colcon_core.package_discovery:discover_packages(path) check parameters
[0.193s] Level 1:colcon.colcon_core.package_discovery:discover_packages(colcon_meta) discover
[0.193s] Level 1:colcon.colcon_core.package_discovery:discover_packages(recursive) discover
[0.193s] INFO:colcon.colcon_core.package_discovery:Crawling recursively for packages in '/home/sergio/Quadruped_Project_Scandia'
[0.193s] Level 1:colcon.colcon_core.package_identification:_identify(.) by extensions ['ignore', 'ignore_ament_install']
[0.193s] Level 1:colcon.colcon_core.package_identification:_identify(.) by extension 'ignore'
[0.193s] Level 1:colcon.colcon_core.package_identification:_identify(.) by extension 'ignore_ament_install'
[0.193s] Level 1:colcon.colcon_core.package_identification:_identify(.) by extensions ['colcon_pkg']
[0.193s] Level 1:colcon.colcon_core.package_identification:_identify(.) by extension 'colcon_pkg'
[0.193s] Level 1:colcon.colcon_core.package_identification:_identify(.) by extensions ['colcon_meta']
[0.193s] Level 1:colcon.colcon_core.package_identification:_identify(.) by extension 'colcon_meta'
[0.193s] Level 1:colcon.colcon_core.package_identification:_identify(.) by extensions ['ros']
[0.193s] Level 1:colcon.colcon_core.package_identification:_identify(.) by extension 'ros'
[0.202s] Level 1:colcon.colcon_core.package_identification:_identify(.) by extensions ['cmake', 'python']
[0.202s] Level 1:colcon.colcon_core.package_identification:_identify(.) by extension 'cmake'
[0.202s] Level 1:colcon.colcon_core.package_identification:_identify(.) by extension 'python'
[0.202s] Level 1:colcon.colcon_core.package_identification:_identify(.) by extensions ['python_setup_py']
[0.202s] Level 1:colcon.colcon_core.package_identification:_identify(.) by extension 'python_setup_py'
[0.202s] Level 1:colcon.colcon_core.package_identification:_identify(build) by extensions ['ignore', 'ignore_ament_install']
[0.202s] Level 1:colcon.colcon_core.package_identification:_identify(build) by extension 'ignore'
[0.202s] Level 1:colcon.colcon_core.package_identification:_identify(build) ignored
[0.203s] Level 1:colcon.colcon_core.package_identification:_identify(install) by extensions ['ignore', 'ignore_ament_install']
[0.203s] Level 1:colcon.colcon_core.package_identification:_identify(install) by extension 'ignore'
[0.203s] Level 1:colcon.colcon_core.package_identification:_identify(install) ignored
[0.203s] Level 1:colcon.colcon_core.package_identification:_identify(log) by extensions ['ignore', 'ignore_ament_install']
[0.203s] Level 1:colcon.colcon_core.package_identification:_identify(log) by extension 'ignore'
[0.203s] Level 1:colcon.colcon_core.package_identification:_identify(log) ignored
[0.203s] Level 1:colcon.colcon_core.package_identification:_identify(src) by extensions ['ignore', 'ignore_ament_install']
[0.203s] Level 1:colcon.colcon_core.package_identification:_identify(src) by extension 'ignore'
[0.203s] Level 1:colcon.colcon_core.package_identification:_identify(src) by extension 'ignore_ament_install'
[0.203s] Level 1:colcon.colcon_core.package_identification:_identify(src) by extensions ['colcon_pkg']
[0.203s] Level 1:colcon.colcon_core.package_identification:_identify(src) by extension 'colcon_pkg'
[0.203s] Level 1:colcon.colcon_core.package_identification:_identify(src) by extensions ['colcon_meta']
[0.203s] Level 1:colcon.colcon_core.package_identification:_identify(src) by extension 'colcon_meta'
[0.203s] Level 1:colcon.colcon_core.package_identification:_identify(src) by extensions ['ros']
[0.203s] Level 1:colcon.colcon_core.package_identification:_identify(src) by extension 'ros'
[0.203s] Level 1:colcon.colcon_core.package_identification:_identify(src) by extensions ['cmake', 'python']
[0.203s] Level 1:colcon.colcon_core.package_identification:_identify(src) by extension 'cmake'
[0.203s] Level 1:colcon.colcon_core.package_identification:_identify(src) by extension 'python'
[0.203s] Level 1:colcon.colcon_core.package_identification:_identify(src) by extensions ['python_setup_py']
[0.203s] Level 1:colcon.colcon_core.package_identification:_identify(src) by extension 'python_setup_py'
[0.203s] Level 1:colcon.colcon_core.package_identification:_identify(src/quadruped_description) by extensions ['ignore', 'ignore_ament_install']
[0.203s] Level 1:colcon.colcon_core.package_identification:_identify(src/quadruped_description) by extension 'ignore'
[0.203s] Level 1:colcon.colcon_core.package_identification:_identify(src/quadruped_description) by extension 'ignore_ament_install'
[0.203s] Level 1:colcon.colcon_core.package_identification:_identify(src/quadruped_description) by extensions ['colcon_pkg']
[0.203s] Level 1:colcon.colcon_core.package_identification:_identify(src/quadruped_description) by extension 'colcon_pkg'
[0.203s] Level 1:colcon.colcon_core.package_identification:_identify(src/quadruped_description) by extensions ['colcon_meta']
[0.203s] Level 1:colcon.colcon_core.package_identification:_identify(src/quadruped_description) by extension 'colcon_meta'
[0.203s] Level 1:colcon.colcon_core.package_identification:_identify(src/quadruped_description) by extensions ['ros']
[0.203s] Level 1:colcon.colcon_core.package_identification:_identify(src/quadruped_description) by extension 'ros'
[0.208s] DEBUG:colcon.colcon_core.package_identification:Package 'src/quadruped_description' with type 'ros.ament_cmake' and name 'quadruped_description'
[0.208s] Level 1:colcon.colcon_core.package_identification:_identify(src/quadruped_interfaces) by extensions ['ignore', 'ignore_ament_install']
[0.208s] Level 1:colcon.colcon_core.package_identification:_identify(src/quadruped_interfaces) by extension 'ignore'
[0.208s] Level 1:colcon.colcon_core.package_identification:_identify(src/quadruped_interfaces) by extension 'ignore_ament_install'
[0.208s] Level 1:colcon.colcon_core.package_identification:_identify(src/quadruped_interfaces) by extensions ['colcon_pkg']
[0.208s] Level 1:colcon.colcon_core.package_identification:_identify(src/quadruped_interfaces) by extension 'colcon_pkg'
[0.208s] Level 1:colcon.colcon_core.package_identification:_identify(src/quadruped_interfaces) by extensions ['colcon_meta']
[0.208s] Level 1:colcon.colcon_core.package_identification:_identify(src/quadruped_interfaces) by extension 'colcon_meta'
[0.208s] Level 1:colcon.colcon_core.package_identification:_identify(src/quadruped_interfaces) by extensions ['ros']
[0.208s] Level 1:colcon.colcon_core.package_identification:_identify(src/quadruped_interfaces) by extension 'ros'
[0.208s] DEBUG:colcon.colcon_core.package_identification:Package 'src/quadruped_interfaces' with type 'ros.ament_cmake' and name 'quadruped_interfaces'
[0.208s] Level 1:colcon.colcon_core.package_identification:_identify(src/quadruped_slam) by extensions ['ignore', 'ignore_ament_install']
[0.209s] Level 1:colcon.colcon_core.package_identification:_identify(src/quadruped_slam) by extension 'ignore'
[0.209s] Level 1:colcon.colcon_core.package_identification:_identify(src/quadruped_slam) by extension 'ignore_ament_install'
[0.209s] Level 1:colcon.colcon_core.package_identification:_identify(src/quadruped_slam) by extensions ['colcon_pkg']
[0.209s] Level 1:colcon.colcon_core.package_identification:_identify(src/quadruped_slam) by extension 'colcon_pkg'
[0.209s] Level 1:colcon.colcon_core.package_identification:_identify(src/quadruped_slam) by extensions ['colcon_meta']
[0.209s] Level 1:colcon.colcon_core.package_identification:_identify(src/quadruped_slam) by extension 'colcon_meta'
[0.209s] Level 1:colcon.colcon_core.package_identification:_identify(src/quadruped_slam) by extensions ['ros']
[0.209s] Level 1:colcon.colcon_core.package_identification:_identify(src/quadruped_slam) by extension 'ros'
[0.209s] DEBUG:colcon.colcon_core.package_identification:Package 'src/quadruped_slam' with type 'ros.ament_cmake' and name 'quadruped_slam'
[0.209s] Level 1:colcon.colcon_core.package_discovery:discover_packages(recursive) using defaults
[0.209s] Level 1:colcon.colcon_core.package_discovery:discover_packages(ignore) discover
[0.209s] Level 1:colcon.colcon_core.package_discovery:discover_packages(ignore) using defaults
[0.209s] Level 1:colcon.colcon_core.package_discovery:discover_packages(path) discover
[0.209s] Level 1:colcon.colcon_core.package_discovery:discover_packages(path) using defaults
[0.225s] Level 1:colcon.colcon_core.package_discovery:discover_packages(prefix_path) check parameters
[0.225s] Level 1:colcon.colcon_core.package_discovery:discover_packages(prefix_path) discover
[0.226s] DEBUG:colcon.colcon_installed_package_information.package_discovery:Found 0 installed packages in /home/sergio/Quadruped_Project_Scandia/install
[0.226s] DEBUG:colcon.colcon_installed_package_information.package_discovery:Found 3 installed packages in /home/sergio/turtlebot3_ws/install
[0.227s] DEBUG:colcon.colcon_installed_package_information.package_discovery:Found 6 installed packages in /home/sergio/ros2_ws/install
[0.227s] DEBUG:colcon.colcon_installed_package_information.package_discovery:Found 4 installed packages in /home/sergio/bumperbot_ws/install
[0.228s] DEBUG:colcon.colcon_installed_package_information.package_discovery:Found 403 installed packages in /opt/ros/humble
[0.230s] Level 1:colcon.colcon_core.package_discovery:discover_packages(prefix_path) using defaults
[0.274s] Level 5:colcon.colcon_core.verb:set package 'quadruped_description' build argument 'cmake_args' from command line to 'None'
[0.274s] Level 5:colcon.colcon_core.verb:set package 'quadruped_description' build argument 'cmake_target' from command line to 'None'
[0.274s] Level 5:colcon.colcon_core.verb:set package 'quadruped_description' build argument 'cmake_target_skip_unavailable' from command line to 'False'
[0.274s] Level 5:colcon.colcon_core.verb:set package 'quadruped_description' build argument 'cmake_clean_cache' from command line to 'False'
[0.274s] Level 5:colcon.colcon_core.verb:set package 'quadruped_description' build argument 'cmake_clean_first' from command line to 'False'
[0.274s] Level 5:colcon.colcon_core.verb:set package 'quadruped_description' build argument 'cmake_force_configure' from command line to 'False'
[0.274s] Level 5:colcon.colcon_core.verb:set package 'quadruped_description' build argument 'ament_cmake_args' from command line to 'None'
[0.274s] Level 5:colcon.colcon_core.verb:set package 'quadruped_description' build argument 'catkin_cmake_args' from command line to 'None'
[0.274s] Level 5:colcon.colcon_core.verb:set package 'quadruped_description' build argument 'catkin_skip_building_tests' from command line to 'False'
[0.274s] DEBUG:colcon.colcon_core.verb:Building package 'quadruped_description' with the following arguments: {'ament_cmake_args': None, 'build_base': '/home/sergio/Quadruped_Project_Scandia/build/quadruped_description', 'catkin_cmake_args': None, 'catkin_skip_building_tests': False, 'cmake_args': None, 'cmake_clean_cache': False, 'cmake_clean_first': False, 'cmake_force_configure': False, 'cmake_target': None, 'cmake_target_skip_unavailable': False, 'install_base': '/home/sergio/Quadruped_Project_Scandia/install/quadruped_description', 'merge_install': False, 'path': '/home/sergio/Quadruped_Project_Scandia/src/quadruped_description', 'symlink_install': False, 'test_result_base': None}
[0.274s] Level 5:colcon.colcon_core.verb:set package 'quadruped_interfaces' build argument 'cmake_args' from command line to 'None'
[0.274s] Level 5:colcon.colcon_core.verb:set package 'quadruped_interfaces' build argument 'cmake_target' from command line to 'None'
[0.274s] Level 5:colcon.colcon_core.verb:set package 'quadruped_interfaces' build argument 'cmake_target_skip_unavailable' from command line to 'False'
[0.274s] Level 5:colcon.colcon_core.verb:set package 'quadruped_interfaces' build argument 'cmake_clean_cache' from command line to 'False'
[0.274s] Level 5:colcon.colcon_core.verb:set package 'quadruped_interfaces' build argument 'cmake_clean_first' from command line to 'False'
[0.274s] Level 5:colcon.colcon_core.verb:set package 'quadruped_interfaces' build argument 'cmake_force_configure' from command line to 'False'
[0.274s] Level 5:colcon.colcon_core.verb:set package 'quadruped_interfaces' build argument 'ament_cmake_args' from command line to 'None'
[0.274s] Level 5:colcon.colcon_core.verb:set package 'quadruped_interfaces' build argument 'catkin_cmake_args' from command line to 'None'
[0.274s] Level 5:colcon.colcon_core.verb:set package 'quadruped_interfaces' build argument 'catkin_skip_building_tests' from command line to 'False'
[0.274s] DEBUG:colcon.colcon_core.verb:Building package 'quadruped_interfaces' with the following arguments: {'ament_cmake_args': None, 'build_base': '/home/sergio/Quadruped_Project_Scandia/build/quadruped_interfaces', 'catkin_cmake_args': None, 'catkin_skip_building_tests': False, 'cmake_args': None, 'cmake_clean_cache': False, 'cmake_clean_first': False, 'cmake_force_configure': False, 'cmake_target': None, 'cmake_target_skip_unavailable': False, 'install_base': '/home/sergio/Quadruped_Project_Scandia/install/quadruped_interfaces', 'merge_install': False, 'path': '/home/sergio/Quadruped_Project_Scandia/src/quadruped_interfaces', 'symlink_install': False, 'test_result_base': None}
[0.275s] Level 5:colcon.colcon_core.verb:set package 'quadruped_slam' build argument 'cmake_args' from command line to 'None'
[0.275s] Level 5:colcon.colcon_core.verb:set package 'quadruped_slam' build argument 'cmake_target' from command line to 'None'
[0.275s] Level 5:colcon.colcon_core.verb:set package 'quadruped_slam' build argument 'cmake_target_skip_unavailable' from command line to 'False'
[0.275s] Level 5:colcon.colcon_core.verb:set package 'quadruped_slam' build argument 'cmake_clean_cache' from command line to 'False'
[0.275s] Level 5:colcon.colcon_core.verb:set package 'quadruped_slam' build argument 'cmake_clean_first' from command line to 'False'
[0.275s] Level 5:colcon.colcon_core.verb:set package 'quadruped_slam' build argument 'cmake_force_configure' from command line to 'False'
[0.275s] Level 5:colcon.colcon_core.verb:set package 'quadruped_slam' build argument 'ament_cmake_args' from command line to 'None'
[0.275s] Level 5:colcon.colcon_core.verb:set package 'quadruped_slam' build argument 'catkin_cmake_args' from command line to 'None'
[0.275s] Level 5:colcon.colcon_core.verb:set package 'quadruped_slam' build argument 'catkin_skip_building_tests' from command line to 'False'
[0.275s] DEBUG:colcon.colcon_core.verb:Building package 'quadruped_slam' with the following arguments: {'ament_cmake_args': None, 'build_base': '/home/sergio/Quadruped_Project_Scandia/build/quadruped_slam', 'catkin_cmake_args': None, 'catkin_skip_building_tests': False, 'cmake_args': None, 'cmake_clean_cache': False, 'cmake_clean_first': False, 'cmake_force_configure': False, 'cmake_target': None, 'cmake_target_skip_unavailable': False, 'install_base': '/home/sergio/Quadruped_Project_Scandia/install/quadruped_slam', 'merge_install': False, 'path': '/home/sergio/Quadruped_Project_Scandia/src/quadruped_slam', 'symlink_install': False, 'test_result_base': None}
[0.275s] INFO:colcon.colcon_core.executor:Executing jobs using 'parallel' executor
[0.276s] DEBUG:colcon.colcon_parallel_executor.executor.parallel:run_until_complete
[0.276s] INFO:colcon.colcon_ros.task.ament_cmake.build:Building ROS package in '/home/sergio/Quadruped_Project_Scandia/src/quadruped_description' with build type 'ament_cmake'
[0.276s] INFO:colcon.colcon_cmake.task.cmake.build:Building CMake package in '/home/sergio/Quadruped_Project_Scandia/src/quadruped_description'
[0.278s] INFO:colcon.colcon_core.plugin_system:Skipping extension 'colcon_core.shell.bat': Not used on non-Windows systems
[0.278s] INFO:colcon.colcon_core.shell:Skip shell extension 'powershell' for command environment: Not usable outside of PowerShell
[0.278s] DEBUG:colcon.colcon_core.shell:Skip shell extension 'dsv' for command environment
[0.282s] INFO:colcon.colcon_ros.task.ament_cmake.build:Building ROS package in '/home/sergio/Quadruped_Project_Scandia/src/quadruped_interfaces' with build type 'ament_cmake'
[0.282s] INFO:colcon.colcon_cmake.task.cmake.build:Building CMake package in '/home/sergio/Quadruped_Project_Scandia/src/quadruped_interfaces'
[0.282s] INFO:colcon.colcon_core.shell:Skip shell extension 'powershell' for command environment: Not usable outside of PowerShell
[0.282s] DEBUG:colcon.colcon_core.shell:Skip shell extension 'dsv' for command environment
[0.285s] INFO:colcon.colcon_ros.task.ament_cmake.build:Building ROS package in '/home/sergio/Quadruped_Project_Scandia/src/quadruped_slam' with build type 'ament_cmake'
[0.286s] INFO:colcon.colcon_cmake.task.cmake.build:Building CMake package in '/home/sergio/Quadruped_Project_Scandia/src/quadruped_slam'
[0.286s] INFO:colcon.colcon_core.shell:Skip shell extension 'powershell' for command environment: Not usable outside of PowerShell
[0.286s] DEBUG:colcon.colcon_core.shell:Skip shell extension 'dsv' for command environment
[0.294s] DEBUG:colcon.colcon_core.event_handler.log_command:Invoking command in '/home/sergio/Quadruped_Project_Scandia/build/quadruped_description': CMAKE_PREFIX_PATH=${CMAKE_PREFIX_PATH}:/home/sergio/bumperbot_ws/install/bumperbot_py_examples:/home/sergio/ros2_ws/install/turtlesim_catch_them_all:/home/sergio/ros2_ws/install/my_py_pkg:/opt/ros/humble /usr/bin/cmake /home/sergio/Quadruped_Project_Scandia/src/quadruped_description -DCMAKE_INSTALL_PREFIX=/home/sergio/Quadruped_Project_Scandia/install/quadruped_description
[0.298s] DEBUG:colcon.colcon_core.event_handler.log_command:Invoking command in '/home/sergio/Quadruped_Project_Scandia/build/quadruped_interfaces': CMAKE_PREFIX_PATH=${CMAKE_PREFIX_PATH}:/home/sergio/bumperbot_ws/install/bumperbot_py_examples:/home/sergio/ros2_ws/install/turtlesim_catch_them_all:/home/sergio/ros2_ws/install/my_py_pkg:/opt/ros/humble /usr/bin/cmake /home/sergio/Quadruped_Project_Scandia/src/quadruped_interfaces -DCMAKE_INSTALL_PREFIX=/home/sergio/Quadruped_Project_Scandia/install/quadruped_interfaces
[0.301s] DEBUG:colcon.colcon_core.event_handler.log_command:Invoking command in '/home/sergio/Quadruped_Project_Scandia/build/quadruped_slam': CMAKE_PREFIX_PATH=${CMAKE_PREFIX_PATH}:/home/sergio/bumperbot_ws/install/bumperbot_py_examples:/home/sergio/ros2_ws/install/turtlesim_catch_them_all:/home/sergio/ros2_ws/install/my_py_pkg:/opt/ros/humble /usr/bin/cmake /home/sergio/Quadruped_Project_Scandia/src/quadruped_slam -DCMAKE_INSTALL_PREFIX=/home/sergio/Quadruped_Project_Scandia/install/quadruped_slam
[0.978s] DEBUG:colcon.colcon_core.event_handler.log_command:Invoked command in '/home/sergio/Quadruped_Project_Scandia/build/quadruped_interfaces' returned '0': CMAKE_PREFIX_PATH=${CMAKE_PREFIX_PATH}:/home/sergio/bumperbot_ws/install/bumperbot_py_examples:/home/sergio/ros2_ws/install/turtlesim_catch_them_all:/home/sergio/ros2_ws/install/my_py_pkg:/opt/ros/humble /usr/bin/cmake /home/sergio/Quadruped_Project_Scandia/src/quadruped_interfaces -DCMAKE_INSTALL_PREFIX=/home/sergio/Quadruped_Project_Scandia/install/quadruped_interfaces
[0.980s] DEBUG:colcon.colcon_core.event_handler.log_command:Invoking command in '/home/sergio/Quadruped_Project_Scandia/build/quadruped_interfaces': CMAKE_PREFIX_PATH=${CMAKE_PREFIX_PATH}:/home/sergio/bumperbot_ws/install/bumperbot_py_examples:/home/sergio/ros2_ws/install/turtlesim_catch_them_all:/home/sergio/ros2_ws/install/my_py_pkg:/opt/ros/humble /usr/bin/cmake --build /home/sergio/Quadruped_Project_Scandia/build/quadruped_interfaces -- -j12 -l12
[0.981s] DEBUG:colcon.colcon_core.event_handler.log_command:Invoked command in '/home/sergio/Quadruped_Project_Scandia/build/quadruped_slam' returned '0': CMAKE_PREFIX_PATH=${CMAKE_PREFIX_PATH}:/home/sergio/bumperbot_ws/install/bumperbot_py_examples:/home/sergio/ros2_ws/install/turtlesim_catch_them_all:/home/sergio/ros2_ws/install/my_py_pkg:/opt/ros/humble /usr/bin/cmake /home/sergio/Quadruped_Project_Scandia/src/quadruped_slam -DCMAKE_INSTALL_PREFIX=/home/sergio/Quadruped_Project_Scandia/install/quadruped_slam
[0.982s] DEBUG:colcon.colcon_core.event_handler.log_command:Invoking command in '/home/sergio/Quadruped_Project_Scandia/build/quadruped_slam': CMAKE_PREFIX_PATH=${CMAKE_PREFIX_PATH}:/home/sergio/bumperbot_ws/install/bumperbot_py_examples:/home/sergio/ros2_ws/install/turtlesim_catch_them_all:/home/sergio/ros2_ws/install/my_py_pkg:/opt/ros/humble /usr/bin/cmake --build /home/sergio/Quadruped_Project_Scandia/build/quadruped_slam -- -j12 -l12
[0.983s] DEBUG:colcon.colcon_core.event_handler.log_command:Invoked command in '/home/sergio/Quadruped_Project_Scandia/build/quadruped_description' returned '0': CMAKE_PREFIX_PATH=${CMAKE_PREFIX_PATH}:/home/sergio/bumperbot_ws/install/bumperbot_py_examples:/home/sergio/ros2_ws/install/turtlesim_catch_them_all:/home/sergio/ros2_ws/install/my_py_pkg:/opt/ros/humble /usr/bin/cmake /home/sergio/Quadruped_Project_Scandia/src/quadruped_description -DCMAKE_INSTALL_PREFIX=/home/sergio/Quadruped_Project_Scandia/install/quadruped_description
[0.984s] DEBUG:colcon.colcon_core.event_handler.log_command:Invoking command in '/home/sergio/Quadruped_Project_Scandia/build/quadruped_description': CMAKE_PREFIX_PATH=${CMAKE_PREFIX_PATH}:/home/sergio/bumperbot_ws/install/bumperbot_py_examples:/home/sergio/ros2_ws/install/turtlesim_catch_them_all:/home/sergio/ros2_ws/install/my_py_pkg:/opt/ros/humble /usr/bin/cmake --build /home/sergio/Quadruped_Project_Scandia/build/quadruped_description -- -j12 -l12
[1.016s] DEBUG:colcon.colcon_core.event_handler.log_command:Invoked command in '/home/sergio/Quadruped_Project_Scandia/build/quadruped_interfaces' returned '0': CMAKE_PREFIX_PATH=${CMAKE_PREFIX_PATH}:/home/sergio/bumperbot_ws/install/bumperbot_py_examples:/home/sergio/ros2_ws/install/turtlesim_catch_them_all:/home/sergio/ros2_ws/install/my_py_pkg:/opt/ros/humble /usr/bin/cmake --build /home/sergio/Quadruped_Project_Scandia/build/quadruped_interfaces -- -j12 -l12
[1.017s] DEBUG:colcon.colcon_core.event_handler.log_command:Invoked command in '/home/sergio/Quadruped_Project_Scandia/build/quadruped_slam' returned '0': CMAKE_PREFIX_PATH=${CMAKE_PREFIX_PATH}:/home/sergio/bumperbot_ws/install/bumperbot_py_examples:/home/sergio/ros2_ws/install/turtlesim_catch_them_all:/home/sergio/ros2_ws/install/my_py_pkg:/opt/ros/humble /usr/bin/cmake --build /home/sergio/Quadruped_Project_Scandia/build/quadruped_slam -- -j12 -l12
[1.018s] DEBUG:colcon.colcon_core.event_handler.log_command:Invoked command in '/home/sergio/Quadruped_Project_Scandia/build/quadruped_description' returned '0': CMAKE_PREFIX_PATH=${CMAKE_PREFIX_PATH}:/home/sergio/bumperbot_ws/install/bumperbot_py_examples:/home/sergio/ros2_ws/install/turtlesim_catch_them_all:/home/sergio/ros2_ws/install/my_py_pkg:/opt/ros/humble /usr/bin/cmake --build /home/sergio/Quadruped_Project_Scandia/build/quadruped_description -- -j12 -l12
[1.044s] DEBUG:colcon.colcon_core.event_handler.log_command:Invoking command in '/home/sergio/Quadruped_Project_Scandia/build/quadruped_interfaces': CMAKE_PREFIX_PATH=${CMAKE_PREFIX_PATH}:/home/sergio/bumperbot_ws/install/bumperbot_py_examples:/home/sergio/ros2_ws/install/turtlesim_catch_them_all:/home/sergio/ros2_ws/install/my_py_pkg:/opt/ros/humble /usr/bin/cmake --install /home/sergio/Quadruped_Project_Scandia/build/quadruped_interfaces
[1.045s] DEBUG:colcon.colcon_core.event_handler.log_command:Invoking command in '/home/sergio/Quadruped_Project_Scandia/build/quadruped_description': CMAKE_PREFIX_PATH=${CMAKE_PREFIX_PATH}:/home/sergio/bumperbot_ws/install/bumperbot_py_examples:/home/sergio/ros2_ws/install/turtlesim_catch_them_all:/home/sergio/ros2_ws/install/my_py_pkg:/opt/ros/humble /usr/bin/cmake --install /home/sergio/Quadruped_Project_Scandia/build/quadruped_description
[1.047s] DEBUG:colcon.colcon_core.event_handler.log_command:Invoking command in '/home/sergio/Quadruped_Project_Scandia/build/quadruped_slam': CMAKE_PREFIX_PATH=${CMAKE_PREFIX_PATH}:/home/sergio/bumperbot_ws/install/bumperbot_py_examples:/home/sergio/ros2_ws/install/turtlesim_catch_them_all:/home/sergio/ros2_ws/install/my_py_pkg:/opt/ros/humble /usr/bin/cmake --install /home/sergio/Quadruped_Project_Scandia/build/quadruped_slam
[1.054s] Level 1:colcon.colcon_core.environment:create_environment_scripts_only(quadruped_interfaces)
[1.057s] DEBUG:colcon.colcon_core.event_handler.log_command:Invoked command in '/home/sergio/Quadruped_Project_Scandia/build/quadruped_interfaces' returned '0': CMAKE_PREFIX_PATH=${CMAKE_PREFIX_PATH}:/home/sergio/bumperbot_ws/install/bumperbot_py_examples:/home/sergio/ros2_ws/install/turtlesim_catch_them_all:/home/sergio/ros2_ws/install/my_py_pkg:/opt/ros/humble /usr/bin/cmake --install /home/sergio/Quadruped_Project_Scandia/build/quadruped_interfaces
[1.061s] Level 1:colcon.colcon_core.environment:checking '/home/sergio/Quadruped_Project_Scandia/install/quadruped_interfaces' for CMake module files
[1.061s] Level 1:colcon.colcon_core.environment:checking '/home/sergio/Quadruped_Project_Scandia/install/quadruped_interfaces' for CMake config files
[1.061s] Level 1:colcon.colcon_core.shell:create_environment_hook('quadruped_interfaces', 'cmake_prefix_path')
[1.062s] INFO:colcon.colcon_core.shell:Creating environment hook '/home/sergio/Quadruped_Project_Scandia/install/quadruped_interfaces/share/quadruped_interfaces/hook/cmake_prefix_path.ps1'
[1.062s] INFO:colcon.colcon_core.shell:Creating environment descriptor '/home/sergio/Quadruped_Project_Scandia/install/quadruped_interfaces/share/quadruped_interfaces/hook/cmake_prefix_path.dsv'
[1.062s] INFO:colcon.colcon_core.shell:Creating environment hook '/home/sergio/Quadruped_Project_Scandia/install/quadruped_interfaces/share/quadruped_interfaces/hook/cmake_prefix_path.sh'
[1.063s] Level 1:colcon.colcon_core.environment:checking '/home/sergio/Quadruped_Project_Scandia/install/quadruped_interfaces/bin'
[1.063s] Level 1:colcon.colcon_core.environment:checking '/home/sergio/Quadruped_Project_Scandia/install/quadruped_interfaces/lib/pkgconfig/quadruped_interfaces.pc'
[1.063s] Level 1:colcon.colcon_core.environment:checking '/home/sergio/Quadruped_Project_Scandia/install/quadruped_interfaces/lib/python3.10/site-packages'
[1.064s] Level 1:colcon.colcon_core.environment:checking '/home/sergio/Quadruped_Project_Scandia/install/quadruped_interfaces/bin'
[1.064s] INFO:colcon.colcon_core.shell:Creating package script '/home/sergio/Quadruped_Project_Scandia/install/quadruped_interfaces/share/quadruped_interfaces/package.ps1'
[1.065s] INFO:colcon.colcon_core.shell:Creating package descriptor '/home/sergio/Quadruped_Project_Scandia/install/quadruped_interfaces/share/quadruped_interfaces/package.dsv'
[1.065s] INFO:colcon.colcon_core.shell:Creating package script '/home/sergio/Quadruped_Project_Scandia/install/quadruped_interfaces/share/quadruped_interfaces/package.sh'
[1.065s] INFO:colcon.colcon_core.shell:Creating package script '/home/sergio/Quadruped_Project_Scandia/install/quadruped_interfaces/share/quadruped_interfaces/package.bash'
[1.066s] INFO:colcon.colcon_core.shell:Creating package script '/home/sergio/Quadruped_Project_Scandia/install/quadruped_interfaces/share/quadruped_interfaces/package.zsh'
[1.066s] Level 1:colcon.colcon_core.environment:create_file_with_runtime_dependencies(/home/sergio/Quadruped_Project_Scandia/install/quadruped_interfaces/share/colcon-core/packages/quadruped_interfaces)
[1.068s] Level 1:colcon.colcon_core.environment:create_environment_scripts_only(quadruped_description)
[1.069s] Level 1:colcon.colcon_core.environment:checking '/home/sergio/Quadruped_Project_Scandia/install/quadruped_description' for CMake module files
[1.069s] DEBUG:colcon.colcon_core.event_handler.log_command:Invoked command in '/home/sergio/Quadruped_Project_Scandia/build/quadruped_description' returned '0': CMAKE_PREFIX_PATH=${CMAKE_PREFIX_PATH}:/home/sergio/bumperbot_ws/install/bumperbot_py_examples:/home/sergio/ros2_ws/install/turtlesim_catch_them_all:/home/sergio/ros2_ws/install/my_py_pkg:/opt/ros/humble /usr/bin/cmake --install /home/sergio/Quadruped_Project_Scandia/build/quadruped_description
[1.070s] Level 1:colcon.colcon_core.environment:checking '/home/sergio/Quadruped_Project_Scandia/install/quadruped_description' for CMake config files
[1.070s] Level 1:colcon.colcon_core.shell:create_environment_hook('quadruped_description', 'cmake_prefix_path')
[1.070s] INFO:colcon.colcon_core.shell:Creating environment hook '/home/sergio/Quadruped_Project_Scandia/install/quadruped_description/share/quadruped_description/hook/cmake_prefix_path.ps1'
[1.071s] INFO:colcon.colcon_core.shell:Creating environment descriptor '/home/sergio/Quadruped_Project_Scandia/install/quadruped_description/share/quadruped_description/hook/cmake_prefix_path.dsv'
[1.071s] INFO:colcon.colcon_core.shell:Creating environment hook '/home/sergio/Quadruped_Project_Scandia/install/quadruped_description/share/quadruped_description/hook/cmake_prefix_path.sh'
[1.072s] Level 1:colcon.colcon_core.environment:checking '/home/sergio/Quadruped_Project_Scandia/install/quadruped_description/bin'
[1.072s] Level 1:colcon.colcon_core.environment:checking '/home/sergio/Quadruped_Project_Scandia/install/quadruped_description/lib/pkgconfig/quadruped_description.pc'
[1.072s] Level 1:colcon.colcon_core.environment:checking '/home/sergio/Quadruped_Project_Scandia/install/quadruped_description/lib/python3.10/site-packages'
[1.072s] Level 1:colcon.colcon_core.environment:checking '/home/sergio/Quadruped_Project_Scandia/install/quadruped_description/bin'
[1.072s] INFO:colcon.colcon_core.shell:Creating package script '/home/sergio/Quadruped_Project_Scandia/install/quadruped_description/share/quadruped_description/package.ps1'
[1.073s] INFO:colcon.colcon_core.shell:Creating package descriptor '/home/sergio/Quadruped_Project_Scandia/install/quadruped_description/share/quadruped_description/package.dsv'
[1.073s] INFO:colcon.colcon_core.shell:Creating package script '/home/sergio/Quadruped_Project_Scandia/install/quadruped_description/share/quadruped_description/package.sh'
[1.073s] INFO:colcon.colcon_core.shell:Creating package script '/home/sergio/Quadruped_Project_Scandia/install/quadruped_description/share/quadruped_description/package.bash'
[1.073s] INFO:colcon.colcon_core.shell:Creating package script '/home/sergio/Quadruped_Project_Scandia/install/quadruped_description/share/quadruped_description/package.zsh'
[1.074s] Level 1:colcon.colcon_core.environment:create_file_with_runtime_dependencies(/home/sergio/Quadruped_Project_Scandia/install/quadruped_description/share/colcon-core/packages/quadruped_description)
[1.074s] Level 1:colcon.colcon_core.environment:create_environment_scripts_only(quadruped_slam)
[1.075s] Level 1:colcon.colcon_core.environment:checking '/home/sergio/Quadruped_Project_Scandia/install/quadruped_slam' for CMake module files
[1.075s] DEBUG:colcon.colcon_core.event_handler.log_command:Invoked command in '/home/sergio/Quadruped_Project_Scandia/build/quadruped_slam' returned '0': CMAKE_PREFIX_PATH=${CMAKE_PREFIX_PATH}:/home/sergio/bumperbot_ws/install/bumperbot_py_examples:/home/sergio/ros2_ws/install/turtlesim_catch_them_all:/home/sergio/ros2_ws/install/my_py_pkg:/opt/ros/humble /usr/bin/cmake --install /home/sergio/Quadruped_Project_Scandia/build/quadruped_slam
[1.075s] Level 1:colcon.colcon_core.environment:checking '/home/sergio/Quadruped_Project_Scandia/install/quadruped_slam' for CMake config files
[1.076s] Level 1:colcon.colcon_core.shell:create_environment_hook('quadruped_slam', 'cmake_prefix_path')
[1.076s] INFO:colcon.colcon_core.shell:Creating environment hook '/home/sergio/Quadruped_Project_Scandia/install/quadruped_slam/share/quadruped_slam/hook/cmake_prefix_path.ps1'
[1.076s] INFO:colcon.colcon_core.shell:Creating environment descriptor '/home/sergio/Quadruped_Project_Scandia/install/quadruped_slam/share/quadruped_slam/hook/cmake_prefix_path.dsv'
[1.076s] INFO:colcon.colcon_core.shell:Creating environment hook '/home/sergio/Quadruped_Project_Scandia/install/quadruped_slam/share/quadruped_slam/hook/cmake_prefix_path.sh'
[1.077s] Level 1:colcon.colcon_core.environment:checking '/home/sergio/Quadruped_Project_Scandia/install/quadruped_slam/bin'
[1.077s] Level 1:colcon.colcon_core.environment:checking '/home/sergio/Quadruped_Project_Scandia/install/quadruped_slam/lib/pkgconfig/quadruped_slam.pc'
[1.077s] Level 1:colcon.colcon_core.environment:checking '/home/sergio/Quadruped_Project_Scandia/install/quadruped_slam/lib/python3.10/site-packages'
[1.077s] Level 1:colcon.colcon_core.environment:checking '/home/sergio/Quadruped_Project_Scandia/install/quadruped_slam/bin'
[1.077s] INFO:colcon.colcon_core.shell:Creating package script '/home/sergio/Quadruped_Project_Scandia/install/quadruped_slam/share/quadruped_slam/package.ps1'
[1.078s] INFO:colcon.colcon_core.shell:Creating package descriptor '/home/sergio/Quadruped_Project_Scandia/install/quadruped_slam/share/quadruped_slam/package.dsv'
[1.078s] INFO:colcon.colcon_core.shell:Creating package script '/home/sergio/Quadruped_Project_Scandia/install/quadruped_slam/share/quadruped_slam/package.sh'
[1.079s] INFO:colcon.colcon_core.shell:Creating package script '/home/sergio/Quadruped_Project_Scandia/install/quadruped_slam/share/quadruped_slam/package.bash'
[1.079s] INFO:colcon.colcon_core.shell:Creating package script '/home/sergio/Quadruped_Project_Scandia/install/quadruped_slam/share/quadruped_slam/package.zsh'
[1.079s] Level 1:colcon.colcon_core.environment:create_file_with_runtime_dependencies(/home/sergio/Quadruped_Project_Scandia/install/quadruped_slam/share/colcon-core/packages/quadruped_slam)
[1.088s] Level 1:colcon.colcon_core.environment:create_environment_scripts_only(quadruped_interfaces)
[1.088s] Level 1:colcon.colcon_core.environment:checking '/home/sergio/Quadruped_Project_Scandia/install/quadruped_interfaces' for CMake module files
[1.089s] Level 1:colcon.colcon_core.environment:checking '/home/sergio/Quadruped_Project_Scandia/install/quadruped_interfaces' for CMake config files
[1.089s] Level 1:colcon.colcon_core.shell:create_environment_hook('quadruped_interfaces', 'cmake_prefix_path')
[1.089s] INFO:colcon.colcon_core.shell:Creating environment hook '/home/sergio/Quadruped_Project_Scandia/install/quadruped_interfaces/share/quadruped_interfaces/hook/cmake_prefix_path.ps1'
[1.090s] INFO:colcon.colcon_core.shell:Creating environment descriptor '/home/sergio/Quadruped_Project_Scandia/install/quadruped_interfaces/share/quadruped_interfaces/hook/cmake_prefix_path.dsv'
[1.090s] INFO:colcon.colcon_core.shell:Creating environment hook '/home/sergio/Quadruped_Project_Scandia/install/quadruped_interfaces/share/quadruped_interfaces/hook/cmake_prefix_path.sh'
[1.091s] Level 1:colcon.colcon_core.environment:checking '/home/sergio/Quadruped_Project_Scandia/install/quadruped_interfaces/bin'
[1.091s] Level 1:colcon.colcon_core.environment:checking '/home/sergio/Quadruped_Project_Scandia/install/quadruped_interfaces/lib/pkgconfig/quadruped_interfaces.pc'
[1.091s] Level 1:colcon.colcon_core.environment:checking '/home/sergio/Quadruped_Project_Scandia/install/quadruped_interfaces/lib/python3.10/site-packages'
[1.091s] Level 1:colcon.colcon_core.environment:checking '/home/sergio/Quadruped_Project_Scandia/install/quadruped_interfaces/bin'
[1.091s] INFO:colcon.colcon_core.shell:Creating package script '/home/sergio/Quadruped_Project_Scandia/install/quadruped_interfaces/share/quadruped_interfaces/package.ps1'
[1.092s] INFO:colcon.colcon_core.shell:Creating package descriptor '/home/sergio/Quadruped_Project_Scandia/install/quadruped_interfaces/share/quadruped_interfaces/package.dsv'
[1.092s] INFO:colcon.colcon_core.shell:Creating package script '/home/sergio/Quadruped_Project_Scandia/install/quadruped_interfaces/share/quadruped_interfaces/package.sh'
[1.092s] INFO:colcon.colcon_core.shell:Creating package script '/home/sergio/Quadruped_Project_Scandia/install/quadruped_interfaces/share/quadruped_interfaces/package.bash'
[1.093s] INFO:colcon.colcon_core.shell:Creating package script '/home/sergio/Quadruped_Project_Scandia/install/quadruped_interfaces/share/quadruped_interfaces/package.zsh'
[1.093s] Level 1:colcon.colcon_core.environment:create_file_with_runtime_dependencies(/home/sergio/Quadruped_Project_Scandia/install/quadruped_interfaces/share/colcon-core/packages/quadruped_interfaces)
[1.094s] Level 1:colcon.colcon_core.environment:create_environment_scripts_only(quadruped_description)
[1.094s] Level 1:colcon.colcon_core.environment:checking '/home/sergio/Quadruped_Project_Scandia/install/quadruped_description' for CMake module files
[1.094s] Level 1:colcon.colcon_core.environment:checking '/home/sergio/Quadruped_Project_Scandia/install/quadruped_description' for CMake config files
[1.094s] Level 1:colcon.colcon_core.shell:create_environment_hook('quadruped_description', 'cmake_prefix_path')
[1.094s] INFO:colcon.colcon_core.shell:Creating environment hook '/home/sergio/Quadruped_Project_Scandia/install/quadruped_description/share/quadruped_description/hook/cmake_prefix_path.ps1'
[1.095s] INFO:colcon.colcon_core.shell:Creating environment descriptor '/home/sergio/Quadruped_Project_Scandia/install/quadruped_description/share/quadruped_description/hook/cmake_prefix_path.dsv'
[1.095s] INFO:colcon.colcon_core.shell:Creating environment hook '/home/sergio/Quadruped_Project_Scandia/install/quadruped_description/share/quadruped_description/hook/cmake_prefix_path.sh'
[1.095s] Level 1:colcon.colcon_core.environment:checking '/home/sergio/Quadruped_Project_Scandia/install/quadruped_description/bin'
[1.095s] Level 1:colcon.colcon_core.environment:checking '/home/sergio/Quadruped_Project_Scandia/install/quadruped_description/lib/pkgconfig/quadruped_description.pc'
[1.095s] Level 1:colcon.colcon_core.environment:checking '/home/sergio/Quadruped_Project_Scandia/install/quadruped_description/lib/python3.10/site-packages'
[1.096s] Level 1:colcon.colcon_core.environment:checking '/home/sergio/Quadruped_Project_Scandia/install/quadruped_description/bin'
[1.096s] INFO:colcon.colcon_core.shell:Creating package script '/home/sergio/Quadruped_Project_Scandia/install/quadruped_description/share/quadruped_description/package.ps1'
[1.096s] INFO:colcon.colcon_core.shell:Creating package descriptor '/home/sergio/Quadruped_Project_Scandia/install/quadruped_description/share/quadruped_description/package.dsv'
[1.097s] INFO:colcon.colcon_core.shell:Creating package script '/home/sergio/Quadruped_Project_Scandia/install/quadruped_description/share/quadruped_description/package.sh'
[1.097s] INFO:colcon.colcon_core.shell:Creating package script '/home/sergio/Quadruped_Project_Scandia/install/quadruped_description/share/quadruped_description/package.bash'
[1.097s] INFO:colcon.colcon_core.shell:Creating package script '/home/sergio/Quadruped_Project_Scandia/install/quadruped_description/share/quadruped_description/package.zsh'
[1.097s] Level 1:colcon.colcon_core.environment:create_file_with_runtime_dependencies(/home/sergio/Quadruped_Project_Scandia/install/quadruped_description/share/colcon-core/packages/quadruped_description)
[1.098s] Level 1:colcon.colcon_core.environment:create_environment_scripts_only(quadruped_slam)
[1.099s] Level 1:colcon.colcon_core.environment:checking '/home/sergio/Quadruped_Project_Scandia/install/quadruped_slam' for CMake module files
[1.099s] Level 1:colcon.colcon_core.environment:checking '/home/sergio/Quadruped_Project_Scandia/install/quadruped_slam' for CMake config files
[1.099s] Level 1:colcon.colcon_core.shell:create_environment_hook('quadruped_slam', 'cmake_prefix_path')
[1.100s] INFO:colcon.colcon_core.shell:Creating environment hook '/home/sergio/Quadruped_Project_Scandia/install/quadruped_slam/share/quadruped_slam/hook/cmake_prefix_path.ps1'
[1.100s] INFO:colcon.colcon_core.shell:Creating environment descriptor '/home/sergio/Quadruped_Project_Scandia/install/quadruped_slam/share/quadruped_slam/hook/cmake_prefix_path.dsv'
[1.100s] INFO:colcon.colcon_core.shell:Creating environment hook '/home/sergio/Quadruped_Project_Scandia/install/quadruped_slam/share/quadruped_slam/hook/cmake_prefix_path.sh'
[1.100s] Level 1:colcon.colcon_core.environment:checking '/home/sergio/Quadruped_Project_Scandia/install/quadruped_slam/bin'
[1.100s] Level 1:colcon.colcon_core.environment:checking '/home/sergio/Quadruped_Project_Scandia/install/quadruped_slam/lib/pkgconfig/quadruped_slam.pc'
[1.101s] Level 1:colcon.colcon_core.environment:checking '/home/sergio/Quadruped_Project_Scandia/install/quadruped_slam/lib/python3.10/site-packages'
[1.101s] Level 1:colcon.colcon_core.environment:checking '/home/sergio/Quadruped_Project_Scandia/install/quadruped_slam/bin'
[1.101s] INFO:colcon.colcon_core.shell:Creating package script '/home/sergio/Quadruped_Project_Scandia/install/quadruped_slam/share/quadruped_slam/package.ps1'
[1.102s] INFO:colcon.colcon_core.shell:Creating package descriptor '/home/sergio/Quadruped_Project_Scandia/install/quadruped_slam/share/quadruped_slam/package.dsv'
[1.102s] INFO:colcon.colcon_core.shell:Creating package script '/home/sergio/Quadruped_Project_Scandia/install/quadruped_slam/share/quadruped_slam/package.sh'
[1.102s] INFO:colcon.colcon_core.shell:Creating package script '/home/sergio/Quadruped_Project_Scandia/install/quadruped_slam/share/quadruped_slam/package.bash'
[1.102s] INFO:colcon.colcon_core.shell:Creating package script '/home/sergio/Quadruped_Project_Scandia/install/quadruped_slam/share/quadruped_slam/package.zsh'
[1.103s] Level 1:colcon.colcon_core.environment:create_file_with_runtime_dependencies(/home/sergio/Quadruped_Project_Scandia/install/quadruped_slam/share/colcon-core/packages/quadruped_slam)
[1.103s] DEBUG:colcon.colcon_parallel_executor.executor.parallel:closing loop
[1.103s] DEBUG:colcon.colcon_parallel_executor.executor.parallel:loop closed
[1.103s] DEBUG:colcon.colcon_parallel_executor.executor.parallel:run_until_complete finished with '0'
[1.103s] DEBUG:colcon.colcon_core.event_reactor:joining thread
[1.108s] INFO:colcon.colcon_core.plugin_system:Skipping extension 'colcon_notification.desktop_notification.terminal_notifier': Not used on non-Darwin systems
[1.108s] INFO:colcon.colcon_core.plugin_system:Skipping extension 'colcon_notification.desktop_notification.win32': Not used on non-Windows systems
[1.108s] INFO:colcon.colcon_notification.desktop_notification:Sending desktop notification using 'notify2'
[1.128s] DEBUG:colcon.colcon_core.event_reactor:joined thread
[1.129s] INFO:colcon.colcon_core.shell:Creating prefix script '/home/sergio/Quadruped_Project_Scandia/install/local_setup.ps1'
[1.130s] INFO:colcon.colcon_core.shell:Creating prefix util module '/home/sergio/Quadruped_Project_Scandia/install/_local_setup_util_ps1.py'
[1.131s] INFO:colcon.colcon_core.shell:Creating prefix chain script '/home/sergio/Quadruped_Project_Scandia/install/setup.ps1'
[1.133s] INFO:colcon.colcon_core.shell:Creating prefix script '/home/sergio/Quadruped_Project_Scandia/install/local_setup.sh'
[1.133s] INFO:colcon.colcon_core.shell:Creating prefix util module '/home/sergio/Quadruped_Project_Scandia/install/_local_setup_util_sh.py'
[1.133s] INFO:colcon.colcon_core.shell:Creating prefix chain script '/home/sergio/Quadruped_Project_Scandia/install/setup.sh'
[1.134s] INFO:colcon.colcon_core.shell:Creating prefix script '/home/sergio/Quadruped_Project_Scandia/install/local_setup.bash'
[1.135s] INFO:colcon.colcon_core.shell:Creating prefix chain script '/home/sergio/Quadruped_Project_Scandia/install/setup.bash'
[1.136s] INFO:colcon.colcon_core.shell:Creating prefix script '/home/sergio/Quadruped_Project_Scandia/install/local_setup.zsh'
[1.136s] INFO:colcon.colcon_core.shell:Creating prefix chain script '/home/sergio/Quadruped_Project_Scandia/install/setup.zsh'
